2018-05-03T17:14:36.3318084-04:00;VSTestExecutionThread;Info;SpecFlow+Runner execution started
2018-05-03T17:14:36.5122844-04:00;VSTestExecutionThread;Info;SpecRun Evaluation Mode: Please purchase at http://www.specflow.org/plus to remove test execution delay.
2018-05-03T17:14:36.5122844-04:00;VSTestExecutionThread;Info;SpecRun: running tests in C:\Focus2018\VSTS\CRMUG Focus 2018\spike-specflow\.vs\spike-specflow\lut\0\t\spike-specflow\bin\Debug\seleniumtest.dll
2018-05-03T17:14:36.5122844-04:00;VSTestExecutionThread;Info;Profile: Default
2018-05-03T17:14:42.7021808-04:00;Thread#13;Info;Discovering target: Default
Test Suite Dump
#0: spike-specflow/Default - 
End: Test Suite Dump
Thread#0:Scheduler: get next test for thread 0
Thread#:Scheduler: at the end of normal test queue
Thread#0:Scheduler: enumerator for thread is at end
Thread#0:Scheduler: No more tests for thread
Thread#-1:Scheduler: get next test for thread -1
Thread#:Scheduler: at the end of normal test queue
Thread#-1:Scheduler: enumerator for thread is at end
Total: 0
Succeeded: 0
Ignored: 0
Pending: 0
Skipped: 0
Failed: 0
